Oluşturma başlatıldı: 3.01.2026 14:17:42.
Günlük kaydı ayrıntı düzeyi Normal olarak ayarlandı.     1>1 düğümünde "C:\Users\ebruy\OneDrive\Desktop\FullStackApp\Nexus.API\Nexus.API.csproj" projesi (Restore hedef).
     1>_GetAllRestoreProjectPathItems:
         Geri yüklenecek projeler belirleniyor...
       Restore:
         X.509 sertifika zinciri doğrulaması, kod imzalama için .NET tarafından seçilen varsayılan güven deposunu kullanır.
         X.509 sertifika zinciri doğrulaması, zaman damgalama için .NET tarafından seçilen varsayılan güven deposunu kullanır.
         Varlıklar dosyası değiştirilmedi. Varlıklar dosyasına yazma işlemi atlanıyor. Yol: C:\Users\ebruy\OneDrive\Desktop\FullStackApp\Nexus.Domain\obj\project.assets.json
         Varlıklar dosyası değiştirilmedi. Varlıklar dosyasına yazma işlemi atlanıyor. Yol: C:\Users\ebruy\OneDrive\Desktop\FullStackApp\Nexus.Application\obj\project.assets.json
         C:\Users\ebruy\OneDrive\Desktop\FullStackApp\Nexus.Application\Nexus.Application.csproj geri yüklendi (166 ms içinde).
         C:\Users\ebruy\OneDrive\Desktop\FullStackApp\Nexus.Domain\Nexus.Domain.csproj geri yüklendi (164 ms içinde).
         Varlıklar dosyası değiştirilmedi. Varlıklar dosyasına yazma işlemi atlanıyor. Yol: C:\Users\ebruy\OneDrive\Desktop\FullStackApp\Nexus.API\obj\project.assets.json
         C:\Users\ebruy\OneDrive\Desktop\FullStackApp\Nexus.API\Nexus.API.csproj geri yüklendi (179 ms içinde).
         Varlıklar dosyası değiştirilmedi. Varlıklar dosyasına yazma işlemi atlanıyor. Yol: C:\Users\ebruy\OneDrive\Desktop\FullStackApp\Nexus.Infrastructure\obj\project.assets.json
         C:\Users\ebruy\OneDrive\Desktop\FullStackApp\Nexus.Infrastructure\Nexus.Infrastructure.csproj geri yüklendi (180 ms içinde).
         
         Kullanılan NuGet yapılandırma dosyaları:
             C:\Users\ebruy\AppData\Roaming\NuGet\NuGet.Config
             C:\Program Files (x86)\NuGet\Config\Microsoft.VisualStudio.FallbackLocation.config
             C:\Program Files (x86)\NuGet\Config\Microsoft.VisualStudio.Offline.config
         
         Kullanılan akışlar:
             https://api.nuget.org/v3/index.json
             https://nuget.devexpress.com/7GEfXvgW6qQRx1pEZWLbfgPDWHMqlsj37IdnoAIHjA6WMyXROD/api/v3/index.json
             C:\Program Files (x86)\Microsoft SDKs\NuGetPackages\
         Geri yükleme için tüm projeler güncel.
     1>"C:\Users\ebruy\OneDrive\Desktop\FullStackApp\Nexus.API\Nexus.API.csproj" Projesini Oluşturma İşlemi Tamamlandı (Restore hedef).
   1:7>2 düğümünde "C:\Users\ebruy\OneDrive\Desktop\FullStackApp\Nexus.API\Nexus.API.csproj" projesi (varsayılan hedefler).
   1:7>"C:\Users\ebruy\OneDrive\Desktop\FullStackApp\Nexus.API\Nexus.API.csproj" projesi (1:7) 3 düğümünde "C:\Users\ebruy\OneDrive\Desktop\FullStackApp\Nexus.Domain\Nexus.Domain.csproj" (4:6) oluşturuyor (varsayılan hedefler).
     4>GenerateTargetFrameworkMonikerAttribute:
       Tüm çıkış dosyaları, giriş dosyalarına göre güncel durumda olduğundan "GenerateTargetFrameworkMonikerAttribute" hedefi atlanıyor.
       CoreGenerateAssemblyInfo:
       Tüm çıkış dosyaları, giriş dosyalarına göre güncel durumda olduğundan "CoreGenerateAssemblyInfo" hedefi atlanıyor.
       _GenerateSourceLinkFile:
         'obj\Debug\net9.0\Nexus.Domain.sourcelink.json' Source Link dosyası güncel.
       CoreCompile:
       Tüm çıkış dosyaları, giriş dosyalarına göre güncel durumda olduğundan "CoreCompile" hedefi atlanıyor.
       GenerateBuildDependencyFile:
       Tüm çıkış dosyaları, giriş dosyalarına göre güncel durumda olduğundan "GenerateBuildDependencyFile" hedefi atlanıyor.
       CopyFilesToOutputDirectory:
         Nexus.Domain -> C:\Users\ebruy\OneDrive\Desktop\FullStackApp\Nexus.Domain\bin\Debug\net9.0\Nexus.Domain.dll
     4>"C:\Users\ebruy\OneDrive\Desktop\FullStackApp\Nexus.Domain\Nexus.Domain.csproj" Projesini Oluşturma İşlemi Tamamlandı (varsayılan hedefler).
   1:7>"C:\Users\ebruy\OneDrive\Desktop\FullStackApp\Nexus.API\Nexus.API.csproj" projesi (1:7) 2 düğümünde "C:\Users\ebruy\OneDrive\Desktop\FullStackApp\Nexus.Application\Nexus.Application.csproj" (2:7) oluşturuyor (varsayılan hedefler).
     2>GenerateTargetFrameworkMonikerAttribute:
       Tüm çıkış dosyaları, giriş dosyalarına göre güncel durumda olduğundan "GenerateTargetFrameworkMonikerAttribute" hedefi atlanıyor.
       CoreGenerateAssemblyInfo:
       Tüm çıkış dosyaları, giriş dosyalarına göre güncel durumda olduğundan "CoreGenerateAssemblyInfo" hedefi atlanıyor.
       _GenerateSourceLinkFile:
         'obj\Debug\net9.0\Nexus.Application.sourcelink.json' Source Link dosyası güncel.
       CoreCompile:
       Tüm çıkış dosyaları, giriş dosyalarına göre güncel durumda olduğundan "CoreCompile" hedefi atlanıyor.
       GenerateBuildDependencyFile:
       Tüm çıkış dosyaları, giriş dosyalarına göre güncel durumda olduğundan "GenerateBuildDependencyFile" hedefi atlanıyor.
       CopyFilesToOutputDirectory:
         Nexus.Application -> C:\Users\ebruy\OneDrive\Desktop\FullStackApp\Nexus.Application\bin\Debug\net9.0\Nexus.Application.dll
     2>"C:\Users\ebruy\OneDrive\Desktop\FullStackApp\Nexus.Application\Nexus.Application.csproj" Projesini Oluşturma İşlemi Tamamlandı (varsayılan hedefler).
   1:7>"C:\Users\ebruy\OneDrive\Desktop\FullStackApp\Nexus.API\Nexus.API.csproj" projesi (1:7) 1 düğümünde "C:\Users\ebruy\OneDrive\Desktop\FullStackApp\Nexus.Infrastructure\Nexus.Infrastructure.csproj" (3:6) oluşturuyor (varsayılan hedefler).
     3>GenerateTargetFrameworkMonikerAttribute:
       Tüm çıkış dosyaları, giriş dosyalarına göre güncel durumda olduğundan "GenerateTargetFrameworkMonikerAttribute" hedefi atlanıyor.
       CoreGenerateAssemblyInfo:
       Tüm çıkış dosyaları, giriş dosyalarına göre güncel durumda olduğundan "CoreGenerateAssemblyInfo" hedefi atlanıyor.
       _GenerateSourceLinkFile:
         'obj\Debug\net9.0\Nexus.Infrastructure.sourcelink.json' Source Link dosyası güncel.
       CoreCompile:
       Tüm çıkış dosyaları, giriş dosyalarına göre güncel durumda olduğundan "CoreCompile" hedefi atlanıyor.
       GenerateBuildDependencyFile:
       Tüm çıkış dosyaları, giriş dosyalarına göre güncel durumda olduğundan "GenerateBuildDependencyFile" hedefi atlanıyor.
       GenerateBuildRuntimeConfigurationFiles:
       Tüm çıkış dosyaları, giriş dosyalarına göre güncel durumda olduğundan "GenerateBuildRuntimeConfigurationFiles" hedefi atlanıyor.
       CopyFilesToOutputDirectory:
         Nexus.Infrastructure -> C:\Users\ebruy\OneDrive\Desktop\FullStackApp\Nexus.Infrastructure\bin\Debug\net9.0\Nexus.Infrastructure.dll
     3>"C:\Users\ebruy\OneDrive\Desktop\FullStackApp\Nexus.Infrastructure\Nexus.Infrastructure.csproj" Projesini Oluşturma İşlemi Tamamlandı (varsayılan hedefler).
     1>GenerateTargetFrameworkMonikerAttribute:
       Tüm çıkış dosyaları, giriş dosyalarına göre güncel durumda olduğundan "GenerateTargetFrameworkMonikerAttribute" hedefi atlanıyor.
       CoreGenerateAssemblyInfo:
       Tüm çıkış dosyaları, giriş dosyalarına göre güncel durumda olduğundan "CoreGenerateAssemblyInfo" hedefi atlanıyor.
       _DiscoverMvcApplicationParts:
       Tüm çıkış dosyaları, giriş dosyalarına göre güncel durumda olduğundan "_DiscoverMvcApplicationParts" hedefi atlanıyor.
       _GenerateSourceLinkFile:
         'obj\Debug\net9.0\Nexus.API.sourcelink.json' Source Link dosyası güncel.
       CoreCompile:
       Tüm çıkış dosyaları, giriş dosyalarına göre güncel durumda olduğundan "CoreCompile" hedefi atlanıyor.
       _CreateAppHost:
       Tüm çıkış dosyaları, giriş dosyalarına göre güncel durumda olduğundan "_CreateAppHost" hedefi atlanıyor.
       _ProcessScopedCssFiles:
       Çıkış içermediğinden "_ProcessScopedCssFiles" hedefi atlanıyor.
       _ProcessScopedCssFiles:
       Çıkış içermediğinden "_ProcessScopedCssFiles" hedefi atlanıyor.
       _BuildCopyStaticWebAssetsPreserveNewest:
       Çıkış içermediğinden "_BuildCopyStaticWebAssetsPreserveNewest" hedefi atlanıyor.
       _CopyFilesMarkedCopyLocal:
         Dosya "C:\Users\ebruy\OneDrive\Desktop\FullStackApp\Nexus.Application\bin\Debug\net9.0\Nexus.Application.dll" konumundan "C:\Users\ebruy\OneDrive\Desktop\FullStackApp\Nexus.API\bin\Debug\net9.0\Nexus.Application.dll" konumuna kopyalanıyor.
         Dosya "C:\Users\ebruy\OneDrive\Desktop\FullStackApp\Nexus.Infrastructure\bin\Debug\net9.0\Nexus.Infrastructure.dll" konumundan "C:\Users\ebruy\OneDrive\Desktop\FullStackApp\Nexus.API\bin\Debug\net9.0\Nexus.Infrastructure.dll" konumuna kopyalanıyor.
         Dosya "C:\Users\ebruy\OneDrive\Desktop\FullStackApp\Nexus.Domain\bin\Debug\net9.0\Nexus.Domain.dll" konumundan "C:\Users\ebruy\OneDrive\Desktop\FullStackApp\Nexus.API\bin\Debug\net9.0\Nexus.Domain.dll" konumuna kopyalanıyor.
     1>C:\Program Files\dotnet\sdk\9.0.302\Microsoft.Common.CurrentVersion.targets(5094,5): warning MSB3026: "C:\Users\ebruy\OneDrive\Desktop\FullStackApp\Nexus.Domain\bin\Debug\net9.0\Nexus.Domain.dll", "bin\Debug\net9.0\Nexus.Domain.dll" üzerine kopyalanamadı. 1 numaralı yeniden denemeye 1000 ms içinde başlanacak. The process cannot access the file 'C:\Users\ebruy\OneDrive\Desktop\FullStackApp\Nexus.API\bin\Debug\net9.0\Nexus.Domain.dll' because it is being used by another process.  [C:\Users\ebruy\OneDrive\Desktop\FullStackApp\Nexus.API\Nexus.API.csproj]
     1>C:\Program Files\dotnet\sdk\9.0.302\Microsoft.Common.CurrentVersion.targets(5094,5): warning MSB3026: "C:\Users\ebruy\OneDrive\Desktop\FullStackApp\Nexus.Infrastructure\bin\Debug\net9.0\Nexus.Infrastructure.dll", "bin\Debug\net9.0\Nexus.Infrastructure.dll" üzerine kopyalanamadı. 1 numaralı yeniden denemeye 1000 ms içinde başlanacak. The process cannot access the file 'C:\Users\ebruy\OneDrive\Desktop\FullStackApp\Nexus.API\bin\Debug\net9.0\Nexus.Infrastructure.dll' because it is being used by another process.  [C:\Users\ebruy\OneDrive\Desktop\FullStackApp\Nexus.API\Nexus.API.csproj]
     1>C:\Program Files\dotnet\sdk\9.0.302\Microsoft.Common.CurrentVersion.targets(5094,5): warning MSB3026: "C:\Users\ebruy\OneDrive\Desktop\FullStackApp\Nexus.Application\bin\Debug\net9.0\Nexus.Application.dll", "bin\Debug\net9.0\Nexus.Application.dll" üzerine kopyalanamadı. 1 numaralı yeniden denemeye 1000 ms içinde başlanacak. The process cannot access the file 'C:\Users\ebruy\OneDrive\Desktop\FullStackApp\Nexus.API\bin\Debug\net9.0\Nexus.Application.dll' because it is being used by another process.  [C:\Users\ebruy\OneDrive\Desktop\FullStackApp\Nexus.API\Nexus.API.csproj]
         Dosya "C:\Users\ebruy\OneDrive\Desktop\FullStackApp\Nexus.Domain\bin\Debug\net9.0\Nexus.Domain.dll" konumundan "C:\Users\ebruy\OneDrive\Desktop\FullStackApp\Nexus.API\bin\Debug\net9.0\Nexus.Domain.dll" konumuna kopyalanıyor.
         Dosya "C:\Users\ebruy\OneDrive\Desktop\FullStackApp\Nexus.Application\bin\Debug\net9.0\Nexus.Application.dll" konumundan "C:\Users\ebruy\OneDrive\Desktop\FullStackApp\Nexus.API\bin\Debug\net9.0\Nexus.Application.dll" konumuna kopyalanıyor.
         Dosya "C:\Users\ebruy\OneDrive\Desktop\FullStackApp\Nexus.Infrastructure\bin\Debug\net9.0\Nexus.Infrastructure.dll" konumundan "C:\Users\ebruy\OneDrive\Desktop\FullStackApp\Nexus.API\bin\Debug\net9.0\Nexus.Infrastructure.dll" konumuna kopyalanıyor.
     1>C:\Program Files\dotnet\sdk\9.0.302\Microsoft.Common.CurrentVersion.targets(5094,5): warning MSB3026: "C:\Users\ebruy\OneDrive\Desktop\FullStackApp\Nexus.Domain\bin\Debug\net9.0\Nexus.Domain.dll", "bin\Debug\net9.0\Nexus.Domain.dll" üzerine kopyalanamadı. 2 numaralı yeniden denemeye 1000 ms içinde başlanacak. The process cannot access the file 'C:\Users\ebruy\OneDrive\Desktop\FullStackApp\Nexus.API\bin\Debug\net9.0\Nexus.Domain.dll' because it is being used by another process.  [C:\Users\ebruy\OneDrive\Desktop\FullStackApp\Nexus.API\Nexus.API.csproj]
     1>C:\Program Files\dotnet\sdk\9.0.302\Microsoft.Common.CurrentVersion.targets(5094,5): warning MSB3026: "C:\Users\ebruy\OneDrive\Desktop\FullStackApp\Nexus.Application\bin\Debug\net9.0\Nexus.Application.dll", "bin\Debug\net9.0\Nexus.Application.dll" üzerine kopyalanamadı. 2 numaralı yeniden denemeye 1000 ms içinde başlanacak. The process cannot access the file 'C:\Users\ebruy\OneDrive\Desktop\FullStackApp\Nexus.API\bin\Debug\net9.0\Nexus.Application.dll' because it is being used by another process.  [C:\Users\ebruy\OneDrive\Desktop\FullStackApp\Nexus.API\Nexus.API.csproj]
     1>C:\Program Files\dotnet\sdk\9.0.302\Microsoft.Common.CurrentVersion.targets(5094,5): warning MSB3026: "C:\Users\ebruy\OneDrive\Desktop\FullStackApp\Nexus.Infrastructure\bin\Debug\net9.0\Nexus.Infrastructure.dll", "bin\Debug\net9.0\Nexus.Infrastructure.dll" üzerine kopyalanamadı. 2 numaralı yeniden denemeye 1000 ms içinde başlanacak. The process cannot access the file 'C:\Users\ebruy\OneDrive\Desktop\FullStackApp\Nexus.API\bin\Debug\net9.0\Nexus.Infrastructure.dll' because it is being used by another process.  [C:\Users\ebruy\OneDrive\Desktop\FullStackApp\Nexus.API\Nexus.API.csproj]
         Dosya "C:\Users\ebruy\OneDrive\Desktop\FullStackApp\Nexus.Domain\bin\Debug\net9.0\Nexus.Domain.dll" konumundan "C:\Users\ebruy\OneDrive\Desktop\FullStackApp\Nexus.API\bin\Debug\net9.0\Nexus.Domain.dll" konumuna kopyalanıyor.
         Dosya "C:\Users\ebruy\OneDrive\Desktop\FullStackApp\Nexus.Application\bin\Debug\net9.0\Nexus.Application.dll" konumundan "C:\Users\ebruy\OneDrive\Desktop\FullStackApp\Nexus.API\bin\Debug\net9.0\Nexus.Application.dll" konumuna kopyalanıyor.
         Dosya "C:\Users\ebruy\OneDrive\Desktop\FullStackApp\Nexus.Infrastructure\bin\Debug\net9.0\Nexus.Infrastructure.dll" konumundan "C:\Users\ebruy\OneDrive\Desktop\FullStackApp\Nexus.API\bin\Debug\net9.0\Nexus.Infrastructure.dll" konumuna kopyalanıyor.
     1>C:\Program Files\dotnet\sdk\9.0.302\Microsoft.Common.CurrentVersion.targets(5094,5): warning MSB3026: "C:\Users\ebruy\OneDrive\Desktop\FullStackApp\Nexus.Domain\bin\Debug\net9.0\Nexus.Domain.dll", "bin\Debug\net9.0\Nexus.Domain.dll" üzerine kopyalanamadı. 3 numaralı yeniden denemeye 1000 ms içinde başlanacak. The process cannot access the file 'C:\Users\ebruy\OneDrive\Desktop\FullStackApp\Nexus.API\bin\Debug\net9.0\Nexus.Domain.dll' because it is being used by another process.  [C:\Users\ebruy\OneDrive\Desktop\FullStackApp\Nexus.API\Nexus.API.csproj]
     1>C:\Program Files\dotnet\sdk\9.0.302\Microsoft.Common.CurrentVersion.targets(5094,5): warning MSB3026: "C:\Users\ebruy\OneDrive\Desktop\FullStackApp\Nexus.Application\bin\Debug\net9.0\Nexus.Application.dll", "bin\Debug\net9.0\Nexus.Application.dll" üzerine kopyalanamadı. 3 numaralı yeniden denemeye 1000 ms içinde başlanacak. The process cannot access the file 'C:\Users\ebruy\OneDrive\Desktop\FullStackApp\Nexus.API\bin\Debug\net9.0\Nexus.Application.dll' because it is being used by another process.  [C:\Users\ebruy\OneDrive\Desktop\FullStackApp\Nexus.API\Nexus.API.csproj]
     1>C:\Program Files\dotnet\sdk\9.0.302\Microsoft.Common.CurrentVersion.targets(5094,5): warning MSB3026: "C:\Users\ebruy\OneDrive\Desktop\FullStackApp\Nexus.Infrastructure\bin\Debug\net9.0\Nexus.Infrastructure.dll", "bin\Debug\net9.0\Nexus.Infrastructure.dll" üzerine kopyalanamadı. 3 numaralı yeniden denemeye 1000 ms içinde başlanacak. The process cannot access the file 'C:\Users\ebruy\OneDrive\Desktop\FullStackApp\Nexus.API\bin\Debug\net9.0\Nexus.Infrastructure.dll' because it is being used by another process.  [C:\Users\ebruy\OneDrive\Desktop\FullStackApp\Nexus.API\Nexus.API.csproj]
         Dosya "C:\Users\ebruy\OneDrive\Desktop\FullStackApp\Nexus.Domain\bin\Debug\net9.0\Nexus.Domain.dll" konumundan "C:\Users\ebruy\OneDrive\Desktop\FullStackApp\Nexus.API\bin\Debug\net9.0\Nexus.Domain.dll" konumuna kopyalanıyor.
         Dosya "C:\Users\ebruy\OneDrive\Desktop\FullStackApp\Nexus.Application\bin\Debug\net9.0\Nexus.Application.dll" konumundan "C:\Users\ebruy\OneDrive\Desktop\FullStackApp\Nexus.API\bin\Debug\net9.0\Nexus.Application.dll" konumuna kopyalanıyor.
         Dosya "C:\Users\ebruy\OneDrive\Desktop\FullStackApp\Nexus.Infrastructure\bin\Debug\net9.0\Nexus.Infrastructure.dll" konumundan "C:\Users\ebruy\OneDrive\Desktop\FullStackApp\Nexus.API\bin\Debug\net9.0\Nexus.Infrastructure.dll" konumuna kopyalanıyor.
     1>C:\Program Files\dotnet\sdk\9.0.302\Microsoft.Common.CurrentVersion.targets(5094,5): warning MSB3026: "C:\Users\ebruy\OneDrive\Desktop\FullStackApp\Nexus.Domain\bin\Debug\net9.0\Nexus.Domain.dll", "bin\Debug\net9.0\Nexus.Domain.dll" üzerine kopyalanamadı. 4 numaralı yeniden denemeye 1000 ms içinde başlanacak. The process cannot access the file 'C:\Users\ebruy\OneDrive\Desktop\FullStackApp\Nexus.API\bin\Debug\net9.0\Nexus.Domain.dll' because it is being used by another process.  [C:\Users\ebruy\OneDrive\Desktop\FullStackApp\Nexus.API\Nexus.API.csproj]
     1>C:\Program Files\dotnet\sdk\9.0.302\Microsoft.Common.CurrentVersion.targets(5094,5): warning MSB3026: "C:\Users\ebruy\OneDrive\Desktop\FullStackApp\Nexus.Infrastructure\bin\Debug\net9.0\Nexus.Infrastructure.dll", "bin\Debug\net9.0\Nexus.Infrastructure.dll" üzerine kopyalanamadı. 4 numaralı yeniden denemeye 1000 ms içinde başlanacak. The process cannot access the file 'C:\Users\ebruy\OneDrive\Desktop\FullStackApp\Nexus.API\bin\Debug\net9.0\Nexus.Infrastructure.dll' because it is being used by another process.  [C:\Users\ebruy\OneDrive\Desktop\FullStackApp\Nexus.API\Nexus.API.csproj]
     1>C:\Program Files\dotnet\sdk\9.0.302\Microsoft.Common.CurrentVersion.targets(5094,5): warning MSB3026: "C:\Users\ebruy\OneDrive\Desktop\FullStackApp\Nexus.Application\bin\Debug\net9.0\Nexus.Application.dll", "bin\Debug\net9.0\Nexus.Application.dll" üzerine kopyalanamadı. 4 numaralı yeniden denemeye 1000 ms içinde başlanacak. The process cannot access the file 'C:\Users\ebruy\OneDrive\Desktop\FullStackApp\Nexus.API\bin\Debug\net9.0\Nexus.Application.dll' because it is being used by another process.  [C:\Users\ebruy\OneDrive\Desktop\FullStackApp\Nexus.API\Nexus.API.csproj]
         Dosya "C:\Users\ebruy\OneDrive\Desktop\FullStackApp\Nexus.Domain\bin\Debug\net9.0\Nexus.Domain.dll" konumundan "C:\Users\ebruy\OneDrive\Desktop\FullStackApp\Nexus.API\bin\Debug\net9.0\Nexus.Domain.dll" konumuna kopyalanıyor.
     1>C:\Program Files\dotnet\sdk\9.0.302\Microsoft.Common.CurrentVersion.targets(5094,5): warning MSB3026: "C:\Users\ebruy\OneDrive\Desktop\FullStackApp\Nexus.Domain\bin\Debug\net9.0\Nexus.Domain.dll", "bin\Debug\net9.0\Nexus.Domain.dll" üzerine kopyalanamadı. 5 numaralı yeniden denemeye 1000 ms içinde başlanacak. The process cannot access the file 'C:\Users\ebruy\OneDrive\Desktop\FullStackApp\Nexus.API\bin\Debug\net9.0\Nexus.Domain.dll' because it is being used by another process.  [C:\Users\ebruy\OneDrive\Desktop\FullStackApp\Nexus.API\Nexus.API.csproj]
         Dosya "C:\Users\ebruy\OneDrive\Desktop\FullStackApp\Nexus.Application\bin\Debug\net9.0\Nexus.Application.dll" konumundan "C:\Users\ebruy\OneDrive\Desktop\FullStackApp\Nexus.API\bin\Debug\net9.0\Nexus.Application.dll" konumuna kopyalanıyor.
         Dosya "C:\Users\ebruy\OneDrive\Desktop\FullStackApp\Nexus.Infrastructure\bin\Debug\net9.0\Nexus.Infrastructure.dll" konumundan "C:\Users\ebruy\OneDrive\Desktop\FullStackApp\Nexus.API\bin\Debug\net9.0\Nexus.Infrastructure.dll" konumuna kopyalanıyor.
     1>C:\Program Files\dotnet\sdk\9.0.302\Microsoft.Common.CurrentVersion.targets(5094,5): warning MSB3026: "C:\Users\ebruy\OneDrive\Desktop\FullStackApp\Nexus.Application\bin\Debug\net9.0\Nexus.Application.dll", "bin\Debug\net9.0\Nexus.Application.dll" üzerine kopyalanamadı. 5 numaralı yeniden denemeye 1000 ms içinde başlanacak. The process cannot access the file 'C:\Users\ebruy\OneDrive\Desktop\FullStackApp\Nexus.API\bin\Debug\net9.0\Nexus.Application.dll' because it is being used by another process.  [C:\Users\ebruy\OneDrive\Desktop\FullStackApp\Nexus.API\Nexus.API.csproj]
     1>C:\Program Files\dotnet\sdk\9.0.302\Microsoft.Common.CurrentVersion.targets(5094,5): warning MSB3026: "C:\Users\ebruy\OneDrive\Desktop\FullStackApp\Nexus.Infrastructure\bin\Debug\net9.0\Nexus.Infrastructure.dll", "bin\Debug\net9.0\Nexus.Infrastructure.dll" üzerine kopyalanamadı. 5 numaralı yeniden denemeye 1000 ms içinde başlanacak. The process cannot access the file 'C:\Users\ebruy\OneDrive\Desktop\FullStackApp\Nexus.API\bin\Debug\net9.0\Nexus.Infrastructure.dll' because it is being used by another process.  [C:\Users\ebruy\OneDrive\Desktop\FullStackApp\Nexus.API\Nexus.API.csproj]
         Dosya "C:\Users\ebruy\OneDrive\Desktop\FullStackApp\Nexus.Domain\bin\Debug\net9.0\Nexus.Domain.dll" konumundan "C:\Users\ebruy\OneDrive\Desktop\FullStackApp\Nexus.API\bin\Debug\net9.0\Nexus.Domain.dll" konumuna kopyalanıyor.
     1>C:\Program Files\dotnet\sdk\9.0.302\Microsoft.Common.CurrentVersion.targets(5094,5): warning MSB3026: "C:\Users\ebruy\OneDrive\Desktop\FullStackApp\Nexus.Domain\bin\Debug\net9.0\Nexus.Domain.dll", "bin\Debug\net9.0\Nexus.Domain.dll" üzerine kopyalanamadı. 6 numaralı yeniden denemeye 1000 ms içinde başlanacak. The process cannot access the file 'C:\Users\ebruy\OneDrive\Desktop\FullStackApp\Nexus.API\bin\Debug\net9.0\Nexus.Domain.dll' because it is being used by another process.  [C:\Users\ebruy\OneDrive\Desktop\FullStackApp\Nexus.API\Nexus.API.csproj]
         Dosya "C:\Users\ebruy\OneDrive\Desktop\FullStackApp\Nexus.Application\bin\Debug\net9.0\Nexus.Application.dll" konumundan "C:\Users\ebruy\OneDrive\Desktop\FullStackApp\Nexus.API\bin\Debug\net9.0\Nexus.Application.dll" konumuna kopyalanıyor.
         Dosya "C:\Users\ebruy\OneDrive\Desktop\FullStackApp\Nexus.Infrastructure\bin\Debug\net9.0\Nexus.Infrastructure.dll" konumundan "C:\Users\ebruy\OneDrive\Desktop\FullStackApp\Nexus.API\bin\Debug\net9.0\Nexus.Infrastructure.dll" konumuna kopyalanıyor.
     1>C:\Program Files\dotnet\sdk\9.0.302\Microsoft.Common.CurrentVersion.targets(5094,5): warning MSB3026: "C:\Users\ebruy\OneDrive\Desktop\FullStackApp\Nexus.Application\bin\Debug\net9.0\Nexus.Application.dll", "bin\Debug\net9.0\Nexus.Application.dll" üzerine kopyalanamadı. 6 numaralı yeniden denemeye 1000 ms içinde başlanacak. The process cannot access the file 'C:\Users\ebruy\OneDrive\Desktop\FullStackApp\Nexus.API\bin\Debug\net9.0\Nexus.Application.dll' because it is being used by another process.  [C:\Users\ebruy\OneDrive\Desktop\FullStackApp\Nexus.API\Nexus.API.csproj]
     1>C:\Program Files\dotnet\sdk\9.0.302\Microsoft.Common.CurrentVersion.targets(5094,5): warning MSB3026: "C:\Users\ebruy\OneDrive\Desktop\FullStackApp\Nexus.Infrastructure\bin\Debug\net9.0\Nexus.Infrastructure.dll", "bin\Debug\net9.0\Nexus.Infrastructure.dll" üzerine kopyalanamadı. 6 numaralı yeniden denemeye 1000 ms içinde başlanacak. The process cannot access the file 'C:\Users\ebruy\OneDrive\Desktop\FullStackApp\Nexus.API\bin\Debug\net9.0\Nexus.Infrastructure.dll' because it is being used by another process.  [C:\Users\ebruy\OneDrive\Desktop\FullStackApp\Nexus.API\Nexus.API.csproj]
         Dosya "C:\Users\ebruy\OneDrive\Desktop\FullStackApp\Nexus.Domain\bin\Debug\net9.0\Nexus.Domain.dll" konumundan "C:\Users\ebruy\OneDrive\Desktop\FullStackApp\Nexus.API\bin\Debug\net9.0\Nexus.Domain.dll" konumuna kopyalanıyor.
     1>C:\Program Files\dotnet\sdk\9.0.302\Microsoft.Common.CurrentVersion.targets(5094,5): warning MSB3026: "C:\Users\ebruy\OneDrive\Desktop\FullStackApp\Nexus.Domain\bin\Debug\net9.0\Nexus.Domain.dll", "bin\Debug\net9.0\Nexus.Domain.dll" üzerine kopyalanamadı. 7 numaralı yeniden denemeye 1000 ms içinde başlanacak. The process cannot access the file 'C:\Users\ebruy\OneDrive\Desktop\FullStackApp\Nexus.API\bin\Debug\net9.0\Nexus.Domain.dll' because it is being used by another process.  [C:\Users\ebruy\OneDrive\Desktop\FullStackApp\Nexus.API\Nexus.API.csproj]
         Dosya "C:\Users\ebruy\OneDrive\Desktop\FullStackApp\Nexus.Infrastructure\bin\Debug\net9.0\Nexus.Infrastructure.dll" konumundan "C:\Users\ebruy\OneDrive\Desktop\FullStackApp\Nexus.API\bin\Debug\net9.0\Nexus.Infrastructure.dll" konumuna kopyalanıyor.
         Dosya "C:\Users\ebruy\OneDrive\Desktop\FullStackApp\Nexus.Application\bin\Debug\net9.0\Nexus.Application.dll" konumundan "C:\Users\ebruy\OneDrive\Desktop\FullStackApp\Nexus.API\bin\Debug\net9.0\Nexus.Application.dll" konumuna kopyalanıyor.
     1>C:\Program Files\dotnet\sdk\9.0.302\Microsoft.Common.CurrentVersion.targets(5094,5): warning MSB3026: "C:\Users\ebruy\OneDrive\Desktop\FullStackApp\Nexus.Infrastructure\bin\Debug\net9.0\Nexus.Infrastructure.dll", "bin\Debug\net9.0\Nexus.Infrastructure.dll" üzerine kopyalanamadı. 7 numaralı yeniden denemeye 1000 ms içinde başlanacak. The process cannot access the file 'C:\Users\ebruy\OneDrive\Desktop\FullStackApp\Nexus.API\bin\Debug\net9.0\Nexus.Infrastructure.dll' because it is being used by another process.  [C:\Users\ebruy\OneDrive\Desktop\FullStackApp\Nexus.API\Nexus.API.csproj]
     1>C:\Program Files\dotnet\sdk\9.0.302\Microsoft.Common.CurrentVersion.targets(5094,5): warning MSB3026: "C:\Users\ebruy\OneDrive\Desktop\FullStackApp\Nexus.Application\bin\Debug\net9.0\Nexus.Application.dll", "bin\Debug\net9.0\Nexus.Application.dll" üzerine kopyalanamadı. 7 numaralı yeniden denemeye 1000 ms içinde başlanacak. The process cannot access the file 'C:\Users\ebruy\OneDrive\Desktop\FullStackApp\Nexus.API\bin\Debug\net9.0\Nexus.Application.dll' because it is being used by another process.  [C:\Users\ebruy\OneDrive\Desktop\FullStackApp\Nexus.API\Nexus.API.csproj]
         Dosya "C:\Users\ebruy\OneDrive\Desktop\FullStackApp\Nexus.Domain\bin\Debug\net9.0\Nexus.Domain.dll" konumundan "C:\Users\ebruy\OneDrive\Desktop\FullStackApp\Nexus.API\bin\Debug\net9.0\Nexus.Domain.dll" konumuna kopyalanıyor.
     1>C:\Program Files\dotnet\sdk\9.0.302\Microsoft.Common.CurrentVersion.targets(5094,5): warning MSB3026: "C:\Users\ebruy\OneDrive\Desktop\FullStackApp\Nexus.Domain\bin\Debug\net9.0\Nexus.Domain.dll", "bin\Debug\net9.0\Nexus.Domain.dll" üzerine kopyalanamadı. 8 numaralı yeniden denemeye 1000 ms içinde başlanacak. The process cannot access the file 'C:\Users\ebruy\OneDrive\Desktop\FullStackApp\Nexus.API\bin\Debug\net9.0\Nexus.Domain.dll' because it is being used by another process.  [C:\Users\ebruy\OneDrive\Desktop\FullStackApp\Nexus.API\Nexus.API.csproj]
         Dosya "C:\Users\ebruy\OneDrive\Desktop\FullStackApp\Nexus.Application\bin\Debug\net9.0\Nexus.Application.dll" konumundan "C:\Users\ebruy\OneDrive\Desktop\FullStackApp\Nexus.API\bin\Debug\net9.0\Nexus.Application.dll" konumuna kopyalanıyor.
         Dosya "C:\Users\ebruy\OneDrive\Desktop\FullStackApp\Nexus.Infrastructure\bin\Debug\net9.0\Nexus.Infrastructure.dll" konumundan "C:\Users\ebruy\OneDrive\Desktop\FullStackApp\Nexus.API\bin\Debug\net9.0\Nexus.Infrastructure.dll" konumuna kopyalanıyor.
     1>C:\Program Files\dotnet\sdk\9.0.302\Microsoft.Common.CurrentVersion.targets(5094,5): warning MSB3026: "C:\Users\ebruy\OneDrive\Desktop\FullStackApp\Nexus.Infrastructure\bin\Debug\net9.0\Nexus.Infrastructure.dll", "bin\Debug\net9.0\Nexus.Infrastructure.dll" üzerine kopyalanamadı. 8 numaralı yeniden denemeye 1000 ms içinde başlanacak. The process cannot access the file 'C:\Users\ebruy\OneDrive\Desktop\FullStackApp\Nexus.API\bin\Debug\net9.0\Nexus.Infrastructure.dll' because it is being used by another process.  [C:\Users\ebruy\OneDrive\Desktop\FullStackApp\Nexus.API\Nexus.API.csproj]
     1>C:\Program Files\dotnet\sdk\9.0.302\Microsoft.Common.CurrentVersion.targets(5094,5): warning MSB3026: "C:\Users\ebruy\OneDrive\Desktop\FullStackApp\Nexus.Application\bin\Debug\net9.0\Nexus.Application.dll", "bin\Debug\net9.0\Nexus.Application.dll" üzerine kopyalanamadı. 8 numaralı yeniden denemeye 1000 ms içinde başlanacak. The process cannot access the file 'C:\Users\ebruy\OneDrive\Desktop\FullStackApp\Nexus.API\bin\Debug\net9.0\Nexus.Application.dll' because it is being used by another process.  [C:\Users\ebruy\OneDrive\Desktop\FullStackApp\Nexus.API\Nexus.API.csproj]
         Dosya "C:\Users\ebruy\OneDrive\Desktop\FullStackApp\Nexus.Domain\bin\Debug\net9.0\Nexus.Domain.dll" konumundan "C:\Users\ebruy\OneDrive\Desktop\FullStackApp\Nexus.API\bin\Debug\net9.0\Nexus.Domain.dll" konumuna kopyalanıyor.
     1>C:\Program Files\dotnet\sdk\9.0.302\Microsoft.Common.CurrentVersion.targets(5094,5): warning MSB3026: "C:\Users\ebruy\OneDrive\Desktop\FullStackApp\Nexus.Domain\bin\Debug\net9.0\Nexus.Domain.dll", "bin\Debug\net9.0\Nexus.Domain.dll" üzerine kopyalanamadı. 9 numaralı yeniden denemeye 1000 ms içinde başlanacak. The process cannot access the file 'C:\Users\ebruy\OneDrive\Desktop\FullStackApp\Nexus.API\bin\Debug\net9.0\Nexus.Domain.dll' because it is being used by another process.  [C:\Users\ebruy\OneDrive\Desktop\FullStackApp\Nexus.API\Nexus.API.csproj]
         Dosya "C:\Users\ebruy\OneDrive\Desktop\FullStackApp\Nexus.Application\bin\Debug\net9.0\Nexus.Application.dll" konumundan "C:\Users\ebruy\OneDrive\Desktop\FullStackApp\Nexus.API\bin\Debug\net9.0\Nexus.Application.dll" konumuna kopyalanıyor.
         Dosya "C:\Users\ebruy\OneDrive\Desktop\FullStackApp\Nexus.Infrastructure\bin\Debug\net9.0\Nexus.Infrastructure.dll" konumundan "C:\Users\ebruy\OneDrive\Desktop\FullStackApp\Nexus.API\bin\Debug\net9.0\Nexus.Infrastructure.dll" konumuna kopyalanıyor.
     1>C:\Program Files\dotnet\sdk\9.0.302\Microsoft.Common.CurrentVersion.targets(5094,5): warning MSB3026: "C:\Users\ebruy\OneDrive\Desktop\FullStackApp\Nexus.Infrastructure\bin\Debug\net9.0\Nexus.Infrastructure.dll", "bin\Debug\net9.0\Nexus.Infrastructure.dll" üzerine kopyalanamadı. 9 numaralı yeniden denemeye 1000 ms içinde başlanacak. The process cannot access the file 'C:\Users\ebruy\OneDrive\Desktop\FullStackApp\Nexus.API\bin\Debug\net9.0\Nexus.Infrastructure.dll' because it is being used by another process.  [C:\Users\ebruy\OneDrive\Desktop\FullStackApp\Nexus.API\Nexus.API.csproj]
     1>C:\Program Files\dotnet\sdk\9.0.302\Microsoft.Common.CurrentVersion.targets(5094,5): warning MSB3026: "C:\Users\ebruy\OneDrive\Desktop\FullStackApp\Nexus.Application\bin\Debug\net9.0\Nexus.Application.dll", "bin\Debug\net9.0\Nexus.Application.dll" üzerine kopyalanamadı. 9 numaralı yeniden denemeye 1000 ms içinde başlanacak. The process cannot access the file 'C:\Users\ebruy\OneDrive\Desktop\FullStackApp\Nexus.API\bin\Debug\net9.0\Nexus.Application.dll' because it is being used by another process.  [C:\Users\ebruy\OneDrive\Desktop\FullStackApp\Nexus.API\Nexus.API.csproj]
         Dosya "C:\Users\ebruy\OneDrive\Desktop\FullStackApp\Nexus.Domain\bin\Debug\net9.0\Nexus.Domain.dll" konumundan "C:\Users\ebruy\OneDrive\Desktop\FullStackApp\Nexus.API\bin\Debug\net9.0\Nexus.Domain.dll" konumuna kopyalanıyor.
     1>C:\Program Files\dotnet\sdk\9.0.302\Microsoft.Common.CurrentVersion.targets(5094,5): warning MSB3026: "C:\Users\ebruy\OneDrive\Desktop\FullStackApp\Nexus.Domain\bin\Debug\net9.0\Nexus.Domain.dll", "bin\Debug\net9.0\Nexus.Domain.dll" üzerine kopyalanamadı. 10 numaralı yeniden denemeye 1000 ms içinde başlanacak. The process cannot access the file 'C:\Users\ebruy\OneDrive\Desktop\FullStackApp\Nexus.API\bin\Debug\net9.0\Nexus.Domain.dll' because it is being used by another process.  [C:\Users\ebruy\OneDrive\Desktop\FullStackApp\Nexus.API\Nexus.API.csproj]
         Dosya "C:\Users\ebruy\OneDrive\Desktop\FullStackApp\Nexus.Infrastructure\bin\Debug\net9.0\Nexus.Infrastructure.dll" konumundan "C:\Users\ebruy\OneDrive\Desktop\FullStackApp\Nexus.API\bin\Debug\net9.0\Nexus.Infrastructure.dll" konumuna kopyalanıyor.
         Dosya "C:\Users\ebruy\OneDrive\Desktop\FullStackApp\Nexus.Application\bin\Debug\net9.0\Nexus.Application.dll" konumundan "C:\Users\ebruy\OneDrive\Desktop\FullStackApp\Nexus.API\bin\Debug\net9.0\Nexus.Application.dll" konumuna kopyalanıyor.
     1>C:\Program Files\dotnet\sdk\9.0.302\Microsoft.Common.CurrentVersion.targets(5094,5): warning MSB3026: "C:\Users\ebruy\OneDrive\Desktop\FullStackApp\Nexus.Application\bin\Debug\net9.0\Nexus.Application.dll", "bin\Debug\net9.0\Nexus.Application.dll" üzerine kopyalanamadı. 10 numaralı yeniden denemeye 1000 ms içinde başlanacak. The process cannot access the file 'C:\Users\ebruy\OneDrive\Desktop\FullStackApp\Nexus.API\bin\Debug\net9.0\Nexus.Application.dll' because it is being used by another process.  [C:\Users\ebruy\OneDrive\Desktop\FullStackApp\Nexus.API\Nexus.API.csproj]
     1>C:\Program Files\dotnet\sdk\9.0.302\Microsoft.Common.CurrentVersion.targets(5094,5): warning MSB3026: "C:\Users\ebruy\OneDrive\Desktop\FullStackApp\Nexus.Infrastructure\bin\Debug\net9.0\Nexus.Infrastructure.dll", "bin\Debug\net9.0\Nexus.Infrastructure.dll" üzerine kopyalanamadı. 10 numaralı yeniden denemeye 1000 ms içinde başlanacak. The process cannot access the file 'C:\Users\ebruy\OneDrive\Desktop\FullStackApp\Nexus.API\bin\Debug\net9.0\Nexus.Infrastructure.dll' because it is being used by another process.  [C:\Users\ebruy\OneDrive\Desktop\FullStackApp\Nexus.API\Nexus.API.csproj]
         Dosya "C:\Users\ebruy\OneDrive\Desktop\FullStackApp\Nexus.Domain\bin\Debug\net9.0\Nexus.Domain.dll" konumundan "C:\Users\ebruy\OneDrive\Desktop\FullStackApp\Nexus.API\bin\Debug\net9.0\Nexus.Domain.dll" konumuna kopyalanıyor.
     1>C:\Program Files\dotnet\sdk\9.0.302\Microsoft.Common.CurrentVersion.targets(5094,5): error MSB3027: "C:\Users\ebruy\OneDrive\Desktop\FullStackApp\Nexus.Domain\bin\Debug\net9.0\Nexus.Domain.dll", "bin\Debug\net9.0\Nexus.Domain.dll" üzerine kopyalanamadı. 10 yeniden deneme sayısı aşıldı. Başarısız oldu.  [C:\Users\ebruy\OneDrive\Desktop\FullStackApp\Nexus.API\Nexus.API.csproj]
     1>C:\Program Files\dotnet\sdk\9.0.302\Microsoft.Common.CurrentVersion.targets(5094,5): error MSB3021: "C:\Users\ebruy\OneDrive\Desktop\FullStackApp\Nexus.Domain\bin\Debug\net9.0\Nexus.Domain.dll" dosyası "bin\Debug\net9.0\Nexus.Domain.dll" üzerine kopyalanamıyor. The process cannot access the file 'C:\Users\ebruy\OneDrive\Desktop\FullStackApp\Nexus.API\bin\Debug\net9.0\Nexus.Domain.dll' because it is being used by another process. [C:\Users\ebruy\OneDrive\Desktop\FullStackApp\Nexus.API\Nexus.API.csproj]
         Dosya "C:\Users\ebruy\OneDrive\Desktop\FullStackApp\Nexus.Application\bin\Debug\net9.0\Nexus.Application.dll" konumundan "C:\Users\ebruy\OneDrive\Desktop\FullStackApp\Nexus.API\bin\Debug\net9.0\Nexus.Application.dll" konumuna kopyalanıyor.
         Dosya "C:\Users\ebruy\OneDrive\Desktop\FullStackApp\Nexus.Infrastructure\bin\Debug\net9.0\Nexus.Infrastructure.dll" konumundan "C:\Users\ebruy\OneDrive\Desktop\FullStackApp\Nexus.API\bin\Debug\net9.0\Nexus.Infrastructure.dll" konumuna kopyalanıyor.
     1>C:\Program Files\dotnet\sdk\9.0.302\Microsoft.Common.CurrentVersion.targets(5094,5): error MSB3027: "C:\Users\ebruy\OneDrive\Desktop\FullStackApp\Nexus.Application\bin\Debug\net9.0\Nexus.Application.dll", "bin\Debug\net9.0\Nexus.Application.dll" üzerine kopyalanamadı. 10 yeniden deneme sayısı aşıldı. Başarısız oldu.  [C:\Users\ebruy\OneDrive\Desktop\FullStackApp\Nexus.API\Nexus.API.csproj]
     1>C:\Program Files\dotnet\sdk\9.0.302\Microsoft.Common.CurrentVersion.targets(5094,5): error MSB3021: "C:\Users\ebruy\OneDrive\Desktop\FullStackApp\Nexus.Application\bin\Debug\net9.0\Nexus.Application.dll" dosyası "bin\Debug\net9.0\Nexus.Application.dll" üzerine kopyalanamıyor. The process cannot access the file 'C:\Users\ebruy\OneDrive\Desktop\FullStackApp\Nexus.API\bin\Debug\net9.0\Nexus.Application.dll' because it is being used by another process. [C:\Users\ebruy\OneDrive\Desktop\FullStackApp\Nexus.API\Nexus.API.csproj]
     1>C:\Program Files\dotnet\sdk\9.0.302\Microsoft.Common.CurrentVersion.targets(5094,5): error MSB3027: "C:\Users\ebruy\OneDrive\Desktop\FullStackApp\Nexus.Infrastructure\bin\Debug\net9.0\Nexus.Infrastructure.dll", "bin\Debug\net9.0\Nexus.Infrastructure.dll" üzerine kopyalanamadı. 10 yeniden deneme sayısı aşıldı. Başarısız oldu.  [C:\Users\ebruy\OneDrive\Desktop\FullStackApp\Nexus.API\Nexus.API.csproj]
     1>C:\Program Files\dotnet\sdk\9.0.302\Microsoft.Common.CurrentVersion.targets(5094,5): error MSB3021: "C:\Users\ebruy\OneDrive\Desktop\FullStackApp\Nexus.Infrastructure\bin\Debug\net9.0\Nexus.Infrastructure.dll" dosyası "bin\Debug\net9.0\Nexus.Infrastructure.dll" üzerine kopyalanamıyor. The process cannot access the file 'C:\Users\ebruy\OneDrive\Desktop\FullStackApp\Nexus.API\bin\Debug\net9.0\Nexus.Infrastructure.dll' because it is being used by another process. [C:\Users\ebruy\OneDrive\Desktop\FullStackApp\Nexus.API\Nexus.API.csproj]
     1>"C:\Users\ebruy\OneDrive\Desktop\FullStackApp\Nexus.API\Nexus.API.csproj" Projesini Oluşturma İşlemi Tamamlandı (varsayılan hedefler) -- BAŞARISIZ OLDU.

Oluşturma BAŞARISIZ OLDU.

       "C:\Users\ebruy\OneDrive\Desktop\FullStackApp\Nexus.API\Nexus.API.csproj" (varsayılan hedef) (1:7) ->
       (_CopyFilesMarkedCopyLocal hedefi) -> 
         C:\Program Files\dotnet\sdk\9.0.302\Microsoft.Common.CurrentVersion.targets(5094,5): warning MSB3026: "C:\Users\ebruy\OneDrive\Desktop\FullStackApp\Nexus.Domain\bin\Debug\net9.0\Nexus.Domain.dll", "bin\Debug\net9.0\Nexus.Domain.dll" üzerine kopyalanamadı. 1 numaralı yeniden denemeye 1000 ms içinde başlanacak. The process cannot access the file 'C:\Users\ebruy\OneDrive\Desktop\FullStackApp\Nexus.API\bin\Debug\net9.0\Nexus.Domain.dll' because it is being used by another process.  [C:\Users\ebruy\OneDrive\Desktop\FullStackApp\Nexus.API\Nexus.API.csproj]
         C:\Program Files\dotnet\sdk\9.0.302\Microsoft.Common.CurrentVersion.targets(5094,5): warning MSB3026: "C:\Users\ebruy\OneDrive\Desktop\FullStackApp\Nexus.Infrastructure\bin\Debug\net9.0\Nexus.Infrastructure.dll", "bin\Debug\net9.0\Nexus.Infrastructure.dll" üzerine kopyalanamadı. 1 numaralı yeniden denemeye 1000 ms içinde başlanacak. The process cannot access the file 'C:\Users\ebruy\OneDrive\Desktop\FullStackApp\Nexus.API\bin\Debug\net9.0\Nexus.Infrastructure.dll' because it is being used by another process.  [C:\Users\ebruy\OneDrive\Desktop\FullStackApp\Nexus.API\Nexus.API.csproj]
         C:\Program Files\dotnet\sdk\9.0.302\Microsoft.Common.CurrentVersion.targets(5094,5): warning MSB3026: "C:\Users\ebruy\OneDrive\Desktop\FullStackApp\Nexus.Application\bin\Debug\net9.0\Nexus.Application.dll", "bin\Debug\net9.0\Nexus.Application.dll" üzerine kopyalanamadı. 1 numaralı yeniden denemeye 1000 ms içinde başlanacak. The process cannot access the file 'C:\Users\ebruy\OneDrive\Desktop\FullStackApp\Nexus.API\bin\Debug\net9.0\Nexus.Application.dll' because it is being used by another process.  [C:\Users\ebruy\OneDrive\Desktop\FullStackApp\Nexus.API\Nexus.API.csproj]
         C:\Program Files\dotnet\sdk\9.0.302\Microsoft.Common.CurrentVersion.targets(5094,5): warning MSB3026: "C:\Users\ebruy\OneDrive\Desktop\FullStackApp\Nexus.Domain\bin\Debug\net9.0\Nexus.Domain.dll", "bin\Debug\net9.0\Nexus.Domain.dll" üzerine kopyalanamadı. 2 numaralı yeniden denemeye 1000 ms içinde başlanacak. The process cannot access the file 'C:\Users\ebruy\OneDrive\Desktop\FullStackApp\Nexus.API\bin\Debug\net9.0\Nexus.Domain.dll' because it is being used by another process.  [C:\Users\ebruy\OneDrive\Desktop\FullStackApp\Nexus.API\Nexus.API.csproj]
         C:\Program Files\dotnet\sdk\9.0.302\Microsoft.Common.CurrentVersion.targets(5094,5): warning MSB3026: "C:\Users\ebruy\OneDrive\Desktop\FullStackApp\Nexus.Application\bin\Debug\net9.0\Nexus.Application.dll", "bin\Debug\net9.0\Nexus.Application.dll" üzerine kopyalanamadı. 2 numaralı yeniden denemeye 1000 ms içinde başlanacak. The process cannot access the file 'C:\Users\ebruy\OneDrive\Desktop\FullStackApp\Nexus.API\bin\Debug\net9.0\Nexus.Application.dll' because it is being used by another process.  [C:\Users\ebruy\OneDrive\Desktop\FullStackApp\Nexus.API\Nexus.API.csproj]
         C:\Program Files\dotnet\sdk\9.0.302\Microsoft.Common.CurrentVersion.targets(5094,5): warning MSB3026: "C:\Users\ebruy\OneDrive\Desktop\FullStackApp\Nexus.Infrastructure\bin\Debug\net9.0\Nexus.Infrastructure.dll", "bin\Debug\net9.0\Nexus.Infrastructure.dll" üzerine kopyalanamadı. 2 numaralı yeniden denemeye 1000 ms içinde başlanacak. The process cannot access the file 'C:\Users\ebruy\OneDrive\Desktop\FullStackApp\Nexus.API\bin\Debug\net9.0\Nexus.Infrastructure.dll' because it is being used by another process.  [C:\Users\ebruy\OneDrive\Desktop\FullStackApp\Nexus.API\Nexus.API.csproj]
         C:\Program Files\dotnet\sdk\9.0.302\Microsoft.Common.CurrentVersion.targets(5094,5): warning MSB3026: "C:\Users\ebruy\OneDrive\Desktop\FullStackApp\Nexus.Domain\bin\Debug\net9.0\Nexus.Domain.dll", "bin\Debug\net9.0\Nexus.Domain.dll" üzerine kopyalanamadı. 3 numaralı yeniden denemeye 1000 ms içinde başlanacak. The process cannot access the file 'C:\Users\ebruy\OneDrive\Desktop\FullStackApp\Nexus.API\bin\Debug\net9.0\Nexus.Domain.dll' because it is being used by another process.  [C:\Users\ebruy\OneDrive\Desktop\FullStackApp\Nexus.API\Nexus.API.csproj]
         C:\Program Files\dotnet\sdk\9.0.302\Microsoft.Common.CurrentVersion.targets(5094,5): warning MSB3026: "C:\Users\ebruy\OneDrive\Desktop\FullStackApp\Nexus.Application\bin\Debug\net9.0\Nexus.Application.dll", "bin\Debug\net9.0\Nexus.Application.dll" üzerine kopyalanamadı. 3 numaralı yeniden denemeye 1000 ms içinde başlanacak. The process cannot access the file 'C:\Users\ebruy\OneDrive\Desktop\FullStackApp\Nexus.API\bin\Debug\net9.0\Nexus.Application.dll' because it is being used by another process.  [C:\Users\ebruy\OneDrive\Desktop\FullStackApp\Nexus.API\Nexus.API.csproj]
         C:\Program Files\dotnet\sdk\9.0.302\Microsoft.Common.CurrentVersion.targets(5094,5): warning MSB3026: "C:\Users\ebruy\OneDrive\Desktop\FullStackApp\Nexus.Infrastructure\bin\Debug\net9.0\Nexus.Infrastructure.dll", "bin\Debug\net9.0\Nexus.Infrastructure.dll" üzerine kopyalanamadı. 3 numaralı yeniden denemeye 1000 ms içinde başlanacak. The process cannot access the file 'C:\Users\ebruy\OneDrive\Desktop\FullStackApp\Nexus.API\bin\Debug\net9.0\Nexus.Infrastructure.dll' because it is being used by another process.  [C:\Users\ebruy\OneDrive\Desktop\FullStackApp\Nexus.API\Nexus.API.csproj]
         C:\Program Files\dotnet\sdk\9.0.302\Microsoft.Common.CurrentVersion.targets(5094,5): warning MSB3026: "C:\Users\ebruy\OneDrive\Desktop\FullStackApp\Nexus.Domain\bin\Debug\net9.0\Nexus.Domain.dll", "bin\Debug\net9.0\Nexus.Domain.dll" üzerine kopyalanamadı. 4 numaralı yeniden denemeye 1000 ms içinde başlanacak. The process cannot access the file 'C:\Users\ebruy\OneDrive\Desktop\FullStackApp\Nexus.API\bin\Debug\net9.0\Nexus.Domain.dll' because it is being used by another process.  [C:\Users\ebruy\OneDrive\Desktop\FullStackApp\Nexus.API\Nexus.API.csproj]
         C:\Program Files\dotnet\sdk\9.0.302\Microsoft.Common.CurrentVersion.targets(5094,5): warning MSB3026: "C:\Users\ebruy\OneDrive\Desktop\FullStackApp\Nexus.Infrastructure\bin\Debug\net9.0\Nexus.Infrastructure.dll", "bin\Debug\net9.0\Nexus.Infrastructure.dll" üzerine kopyalanamadı. 4 numaralı yeniden denemeye 1000 ms içinde başlanacak. The process cannot access the file 'C:\Users\ebruy\OneDrive\Desktop\FullStackApp\Nexus.API\bin\Debug\net9.0\Nexus.Infrastructure.dll' because it is being used by another process.  [C:\Users\ebruy\OneDrive\Desktop\FullStackApp\Nexus.API\Nexus.API.csproj]
         C:\Program Files\dotnet\sdk\9.0.302\Microsoft.Common.CurrentVersion.targets(5094,5): warning MSB3026: "C:\Users\ebruy\OneDrive\Desktop\FullStackApp\Nexus.Application\bin\Debug\net9.0\Nexus.Application.dll", "bin\Debug\net9.0\Nexus.Application.dll" üzerine kopyalanamadı. 4 numaralı yeniden denemeye 1000 ms içinde başlanacak. The process cannot access the file 'C:\Users\ebruy\OneDrive\Desktop\FullStackApp\Nexus.API\bin\Debug\net9.0\Nexus.Application.dll' because it is being used by another process.  [C:\Users\ebruy\OneDrive\Desktop\FullStackApp\Nexus.API\Nexus.API.csproj]
         C:\Program Files\dotnet\sdk\9.0.302\Microsoft.Common.CurrentVersion.targets(5094,5): warning MSB3026: "C:\Users\ebruy\OneDrive\Desktop\FullStackApp\Nexus.Domain\bin\Debug\net9.0\Nexus.Domain.dll", "bin\Debug\net9.0\Nexus.Domain.dll" üzerine kopyalanamadı. 5 numaralı yeniden denemeye 1000 ms içinde başlanacak. The process cannot access the file 'C:\Users\ebruy\OneDrive\Desktop\FullStackApp\Nexus.API\bin\Debug\net9.0\Nexus.Domain.dll' because it is being used by another process.  [C:\Users\ebruy\OneDrive\Desktop\FullStackApp\Nexus.API\Nexus.API.csproj]
         C:\Program Files\dotnet\sdk\9.0.302\Microsoft.Common.CurrentVersion.targets(5094,5): warning MSB3026: "C:\Users\ebruy\OneDrive\Desktop\FullStackApp\Nexus.Application\bin\Debug\net9.0\Nexus.Application.dll", "bin\Debug\net9.0\Nexus.Application.dll" üzerine kopyalanamadı. 5 numaralı yeniden denemeye 1000 ms içinde başlanacak. The process cannot access the file 'C:\Users\ebruy\OneDrive\Desktop\FullStackApp\Nexus.API\bin\Debug\net9.0\Nexus.Application.dll' because it is being used by another process.  [C:\Users\ebruy\OneDrive\Desktop\FullStackApp\Nexus.API\Nexus.API.csproj]
         C:\Program Files\dotnet\sdk\9.0.302\Microsoft.Common.CurrentVersion.targets(5094,5): warning MSB3026: "C:\Users\ebruy\OneDrive\Desktop\FullStackApp\Nexus.Infrastructure\bin\Debug\net9.0\Nexus.Infrastructure.dll", "bin\Debug\net9.0\Nexus.Infrastructure.dll" üzerine kopyalanamadı. 5 numaralı yeniden denemeye 1000 ms içinde başlanacak. The process cannot access the file 'C:\Users\ebruy\OneDrive\Desktop\FullStackApp\Nexus.API\bin\Debug\net9.0\Nexus.Infrastructure.dll' because it is being used by another process.  [C:\Users\ebruy\OneDrive\Desktop\FullStackApp\Nexus.API\Nexus.API.csproj]
         C:\Program Files\dotnet\sdk\9.0.302\Microsoft.Common.CurrentVersion.targets(5094,5): warning MSB3026: "C:\Users\ebruy\OneDrive\Desktop\FullStackApp\Nexus.Domain\bin\Debug\net9.0\Nexus.Domain.dll", "bin\Debug\net9.0\Nexus.Domain.dll" üzerine kopyalanamadı. 6 numaralı yeniden denemeye 1000 ms içinde başlanacak. The process cannot access the file 'C:\Users\ebruy\OneDrive\Desktop\FullStackApp\Nexus.API\bin\Debug\net9.0\Nexus.Domain.dll' because it is being used by another process.  [C:\Users\ebruy\OneDrive\Desktop\FullStackApp\Nexus.API\Nexus.API.csproj]
         C:\Program Files\dotnet\sdk\9.0.302\Microsoft.Common.CurrentVersion.targets(5094,5): warning MSB3026: "C:\Users\ebruy\OneDrive\Desktop\FullStackApp\Nexus.Application\bin\Debug\net9.0\Nexus.Application.dll", "bin\Debug\net9.0\Nexus.Application.dll" üzerine kopyalanamadı. 6 numaralı yeniden denemeye 1000 ms içinde başlanacak. The process cannot access the file 'C:\Users\ebruy\OneDrive\Desktop\FullStackApp\Nexus.API\bin\Debug\net9.0\Nexus.Application.dll' because it is being used by another process.  [C:\Users\ebruy\OneDrive\Desktop\FullStackApp\Nexus.API\Nexus.API.csproj]
         C:\Program Files\dotnet\sdk\9.0.302\Microsoft.Common.CurrentVersion.targets(5094,5): warning MSB3026: "C:\Users\ebruy\OneDrive\Desktop\FullStackApp\Nexus.Infrastructure\bin\Debug\net9.0\Nexus.Infrastructure.dll", "bin\Debug\net9.0\Nexus.Infrastructure.dll" üzerine kopyalanamadı. 6 numaralı yeniden denemeye 1000 ms içinde başlanacak. The process cannot access the file 'C:\Users\ebruy\OneDrive\Desktop\FullStackApp\Nexus.API\bin\Debug\net9.0\Nexus.Infrastructure.dll' because it is being used by another process.  [C:\Users\ebruy\OneDrive\Desktop\FullStackApp\Nexus.API\Nexus.API.csproj]
         C:\Program Files\dotnet\sdk\9.0.302\Microsoft.Common.CurrentVersion.targets(5094,5): warning MSB3026: "C:\Users\ebruy\OneDrive\Desktop\FullStackApp\Nexus.Domain\bin\Debug\net9.0\Nexus.Domain.dll", "bin\Debug\net9.0\Nexus.Domain.dll" üzerine kopyalanamadı. 7 numaralı yeniden denemeye 1000 ms içinde başlanacak. The process cannot access the file 'C:\Users\ebruy\OneDrive\Desktop\FullStackApp\Nexus.API\bin\Debug\net9.0\Nexus.Domain.dll' because it is being used by another process.  [C:\Users\ebruy\OneDrive\Desktop\FullStackApp\Nexus.API\Nexus.API.csproj]
         C:\Program Files\dotnet\sdk\9.0.302\Microsoft.Common.CurrentVersion.targets(5094,5): warning MSB3026: "C:\Users\ebruy\OneDrive\Desktop\FullStackApp\Nexus.Infrastructure\bin\Debug\net9.0\Nexus.Infrastructure.dll", "bin\Debug\net9.0\Nexus.Infrastructure.dll" üzerine kopyalanamadı. 7 numaralı yeniden denemeye 1000 ms içinde başlanacak. The process cannot access the file 'C:\Users\ebruy\OneDrive\Desktop\FullStackApp\Nexus.API\bin\Debug\net9.0\Nexus.Infrastructure.dll' because it is being used by another process.  [C:\Users\ebruy\OneDrive\Desktop\FullStackApp\Nexus.API\Nexus.API.csproj]
         C:\Program Files\dotnet\sdk\9.0.302\Microsoft.Common.CurrentVersion.targets(5094,5): warning MSB3026: "C:\Users\ebruy\OneDrive\Desktop\FullStackApp\Nexus.Application\bin\Debug\net9.0\Nexus.Application.dll", "bin\Debug\net9.0\Nexus.Application.dll" üzerine kopyalanamadı. 7 numaralı yeniden denemeye 1000 ms içinde başlanacak. The process cannot access the file 'C:\Users\ebruy\OneDrive\Desktop\FullStackApp\Nexus.API\bin\Debug\net9.0\Nexus.Application.dll' because it is being used by another process.  [C:\Users\ebruy\OneDrive\Desktop\FullStackApp\Nexus.API\Nexus.API.csproj]
         C:\Program Files\dotnet\sdk\9.0.302\Microsoft.Common.CurrentVersion.targets(5094,5): warning MSB3026: "C:\Users\ebruy\OneDrive\Desktop\FullStackApp\Nexus.Domain\bin\Debug\net9.0\Nexus.Domain.dll", "bin\Debug\net9.0\Nexus.Domain.dll" üzerine kopyalanamadı. 8 numaralı yeniden denemeye 1000 ms içinde başlanacak. The process cannot access the file 'C:\Users\ebruy\OneDrive\Desktop\FullStackApp\Nexus.API\bin\Debug\net9.0\Nexus.Domain.dll' because it is being used by another process.  [C:\Users\ebruy\OneDrive\Desktop\FullStackApp\Nexus.API\Nexus.API.csproj]
         C:\Program Files\dotnet\sdk\9.0.302\Microsoft.Common.CurrentVersion.targets(5094,5): warning MSB3026: "C:\Users\ebruy\OneDrive\Desktop\FullStackApp\Nexus.Infrastructure\bin\Debug\net9.0\Nexus.Infrastructure.dll", "bin\Debug\net9.0\Nexus.Infrastructure.dll" üzerine kopyalanamadı. 8 numaralı yeniden denemeye 1000 ms içinde başlanacak. The process cannot access the file 'C:\Users\ebruy\OneDrive\Desktop\FullStackApp\Nexus.API\bin\Debug\net9.0\Nexus.Infrastructure.dll' because it is being used by another process.  [C:\Users\ebruy\OneDrive\Desktop\FullStackApp\Nexus.API\Nexus.API.csproj]
         C:\Program Files\dotnet\sdk\9.0.302\Microsoft.Common.CurrentVersion.targets(5094,5): warning MSB3026: "C:\Users\ebruy\OneDrive\Desktop\FullStackApp\Nexus.Application\bin\Debug\net9.0\Nexus.Application.dll", "bin\Debug\net9.0\Nexus.Application.dll" üzerine kopyalanamadı. 8 numaralı yeniden denemeye 1000 ms içinde başlanacak. The process cannot access the file 'C:\Users\ebruy\OneDrive\Desktop\FullStackApp\Nexus.API\bin\Debug\net9.0\Nexus.Application.dll' because it is being used by another process.  [C:\Users\ebruy\OneDrive\Desktop\FullStackApp\Nexus.API\Nexus.API.csproj]
         C:\Program Files\dotnet\sdk\9.0.302\Microsoft.Common.CurrentVersion.targets(5094,5): warning MSB3026: "C:\Users\ebruy\OneDrive\Desktop\FullStackApp\Nexus.Domain\bin\Debug\net9.0\Nexus.Domain.dll", "bin\Debug\net9.0\Nexus.Domain.dll" üzerine kopyalanamadı. 9 numaralı yeniden denemeye 1000 ms içinde başlanacak. The process cannot access the file 'C:\Users\ebruy\OneDrive\Desktop\FullStackApp\Nexus.API\bin\Debug\net9.0\Nexus.Domain.dll' because it is being used by another process.  [C:\Users\ebruy\OneDrive\Desktop\FullStackApp\Nexus.API\Nexus.API.csproj]
         C:\Program Files\dotnet\sdk\9.0.302\Microsoft.Common.CurrentVersion.targets(5094,5): warning MSB3026: "C:\Users\ebruy\OneDrive\Desktop\FullStackApp\Nexus.Infrastructure\bin\Debug\net9.0\Nexus.Infrastructure.dll", "bin\Debug\net9.0\Nexus.Infrastructure.dll" üzerine kopyalanamadı. 9 numaralı yeniden denemeye 1000 ms içinde başlanacak. The process cannot access the file 'C:\Users\ebruy\OneDrive\Desktop\FullStackApp\Nexus.API\bin\Debug\net9.0\Nexus.Infrastructure.dll' because it is being used by another process.  [C:\Users\ebruy\OneDrive\Desktop\FullStackApp\Nexus.API\Nexus.API.csproj]
         C:\Program Files\dotnet\sdk\9.0.302\Microsoft.Common.CurrentVersion.targets(5094,5): warning MSB3026: "C:\Users\ebruy\OneDrive\Desktop\FullStackApp\Nexus.Application\bin\Debug\net9.0\Nexus.Application.dll", "bin\Debug\net9.0\Nexus.Application.dll" üzerine kopyalanamadı. 9 numaralı yeniden denemeye 1000 ms içinde başlanacak. The process cannot access the file 'C:\Users\ebruy\OneDrive\Desktop\FullStackApp\Nexus.API\bin\Debug\net9.0\Nexus.Application.dll' because it is being used by another process.  [C:\Users\ebruy\OneDrive\Desktop\FullStackApp\Nexus.API\Nexus.API.csproj]
         C:\Program Files\dotnet\sdk\9.0.302\Microsoft.Common.CurrentVersion.targets(5094,5): warning MSB3026: "C:\Users\ebruy\OneDrive\Desktop\FullStackApp\Nexus.Domain\bin\Debug\net9.0\Nexus.Domain.dll", "bin\Debug\net9.0\Nexus.Domain.dll" üzerine kopyalanamadı. 10 numaralı yeniden denemeye 1000 ms içinde başlanacak. The process cannot access the file 'C:\Users\ebruy\OneDrive\Desktop\FullStackApp\Nexus.API\bin\Debug\net9.0\Nexus.Domain.dll' because it is being used by another process.  [C:\Users\ebruy\OneDrive\Desktop\FullStackApp\Nexus.API\Nexus.API.csproj]
         C:\Program Files\dotnet\sdk\9.0.302\Microsoft.Common.CurrentVersion.targets(5094,5): warning MSB3026: "C:\Users\ebruy\OneDrive\Desktop\FullStackApp\Nexus.Application\bin\Debug\net9.0\Nexus.Application.dll", "bin\Debug\net9.0\Nexus.Application.dll" üzerine kopyalanamadı. 10 numaralı yeniden denemeye 1000 ms içinde başlanacak. The process cannot access the file 'C:\Users\ebruy\OneDrive\Desktop\FullStackApp\Nexus.API\bin\Debug\net9.0\Nexus.Application.dll' because it is being used by another process.  [C:\Users\ebruy\OneDrive\Desktop\FullStackApp\Nexus.API\Nexus.API.csproj]
         C:\Program Files\dotnet\sdk\9.0.302\Microsoft.Common.CurrentVersion.targets(5094,5): warning MSB3026: "C:\Users\ebruy\OneDrive\Desktop\FullStackApp\Nexus.Infrastructure\bin\Debug\net9.0\Nexus.Infrastructure.dll", "bin\Debug\net9.0\Nexus.Infrastructure.dll" üzerine kopyalanamadı. 10 numaralı yeniden denemeye 1000 ms içinde başlanacak. The process cannot access the file 'C:\Users\ebruy\OneDrive\Desktop\FullStackApp\Nexus.API\bin\Debug\net9.0\Nexus.Infrastructure.dll' because it is being used by another process.  [C:\Users\ebruy\OneDrive\Desktop\FullStackApp\Nexus.API\Nexus.API.csproj]


       "C:\Users\ebruy\OneDrive\Desktop\FullStackApp\Nexus.API\Nexus.API.csproj" (varsayılan hedef) (1:7) ->
       (_CopyFilesMarkedCopyLocal hedefi) -> 
         C:\Program Files\dotnet\sdk\9.0.302\Microsoft.Common.CurrentVersion.targets(5094,5): error MSB3027: "C:\Users\ebruy\OneDrive\Desktop\FullStackApp\Nexus.Domain\bin\Debug\net9.0\Nexus.Domain.dll", "bin\Debug\net9.0\Nexus.Domain.dll" üzerine kopyalanamadı. 10 yeniden deneme sayısı aşıldı. Başarısız oldu.  [C:\Users\ebruy\OneDrive\Desktop\FullStackApp\Nexus.API\Nexus.API.csproj]
         C:\Program Files\dotnet\sdk\9.0.302\Microsoft.Common.CurrentVersion.targets(5094,5): error MSB3021: "C:\Users\ebruy\OneDrive\Desktop\FullStackApp\Nexus.Domain\bin\Debug\net9.0\Nexus.Domain.dll" dosyası "bin\Debug\net9.0\Nexus.Domain.dll" üzerine kopyalanamıyor. The process cannot access the file 'C:\Users\ebruy\OneDrive\Desktop\FullStackApp\Nexus.API\bin\Debug\net9.0\Nexus.Domain.dll' because it is being used by another process. [C:\Users\ebruy\OneDrive\Desktop\FullStackApp\Nexus.API\Nexus.API.csproj]
         C:\Program Files\dotnet\sdk\9.0.302\Microsoft.Common.CurrentVersion.targets(5094,5): error MSB3027: "C:\Users\ebruy\OneDrive\Desktop\FullStackApp\Nexus.Application\bin\Debug\net9.0\Nexus.Application.dll", "bin\Debug\net9.0\Nexus.Application.dll" üzerine kopyalanamadı. 10 yeniden deneme sayısı aşıldı. Başarısız oldu.  [C:\Users\ebruy\OneDrive\Desktop\FullStackApp\Nexus.API\Nexus.API.csproj]
         C:\Program Files\dotnet\sdk\9.0.302\Microsoft.Common.CurrentVersion.targets(5094,5): error MSB3021: "C:\Users\ebruy\OneDrive\Desktop\FullStackApp\Nexus.Application\bin\Debug\net9.0\Nexus.Application.dll" dosyası "bin\Debug\net9.0\Nexus.Application.dll" üzerine kopyalanamıyor. The process cannot access the file 'C:\Users\ebruy\OneDrive\Desktop\FullStackApp\Nexus.API\bin\Debug\net9.0\Nexus.Application.dll' because it is being used by another process. [C:\Users\ebruy\OneDrive\Desktop\FullStackApp\Nexus.API\Nexus.API.csproj]
         C:\Program Files\dotnet\sdk\9.0.302\Microsoft.Common.CurrentVersion.targets(5094,5): error MSB3027: "C:\Users\ebruy\OneDrive\Desktop\FullStackApp\Nexus.Infrastructure\bin\Debug\net9.0\Nexus.Infrastructure.dll", "bin\Debug\net9.0\Nexus.Infrastructure.dll" üzerine kopyalanamadı. 10 yeniden deneme sayısı aşıldı. Başarısız oldu.  [C:\Users\ebruy\OneDrive\Desktop\FullStackApp\Nexus.API\Nexus.API.csproj]
         C:\Program Files\dotnet\sdk\9.0.302\Microsoft.Common.CurrentVersion.targets(5094,5): error MSB3021: "C:\Users\ebruy\OneDrive\Desktop\FullStackApp\Nexus.Infrastructure\bin\Debug\net9.0\Nexus.Infrastructure.dll" dosyası "bin\Debug\net9.0\Nexus.Infrastructure.dll" üzerine kopyalanamıyor. The process cannot access the file 'C:\Users\ebruy\OneDrive\Desktop\FullStackApp\Nexus.API\bin\Debug\net9.0\Nexus.Infrastructure.dll' because it is being used by another process. [C:\Users\ebruy\OneDrive\Desktop\FullStackApp\Nexus.API\Nexus.API.csproj]

    30 Uyarı
    6 Hata

Geçen Süre 00:00:15.36
